\BOOKMARK [0][-]{chapter*.2}{Introduction}{}% 1
\BOOKMARK [0][-]{chapter.1}{Overview}{}% 2
\BOOKMARK [1][-]{section.1.1}{Problem definiton}{chapter.1}% 3
\BOOKMARK [2][-]{subsection.1.1.1}{Problem}{section.1.1}% 4
\BOOKMARK [2][-]{subsection.1.1.2}{Plan}{section.1.1}% 5
\BOOKMARK [2][-]{subsection.1.1.3}{Output}{section.1.1}% 6
\BOOKMARK [1][-]{section.1.2}{Internet of Things}{chapter.1}% 7
\BOOKMARK [2][-]{subsection.1.2.1}{General Information}{section.1.2}% 8
\BOOKMARK [2][-]{subsection.1.2.2}{Why is it important?}{section.1.2}% 9
\BOOKMARK [1][-]{section.1.3}{Big Data}{chapter.1}% 10
\BOOKMARK [2][-]{subsection.1.3.1}{General Information}{section.1.3}% 11
\BOOKMARK [2][-]{subsection.1.3.2}{Why is it important?}{section.1.3}% 12
\BOOKMARK [1][-]{section.1.4}{Single-board computer}{chapter.1}% 13
\BOOKMARK [2][-]{subsection.1.4.1}{General Information}{section.1.4}% 14
\BOOKMARK [2][-]{subsection.1.4.2}{Why is it important?}{section.1.4}% 15
\BOOKMARK [1][-]{section.1.5}{OBD-II port}{chapter.1}% 16
\BOOKMARK [2][-]{subsection.1.5.1}{General Information}{section.1.5}% 17
\BOOKMARK [1][-]{section.1.6}{Accelerometer}{chapter.1}% 18
\BOOKMARK [2][-]{subsection.1.6.1}{General Information}{section.1.6}% 19
\BOOKMARK [0][-]{chapter.2}{Specification}{}% 20
\BOOKMARK [1][-]{section.2.1}{Podkapitola o zdrojoch}{chapter.2}% 21
\BOOKMARK [2][-]{subsection.2.1.1}{Este mensia podsekcia - zoznamy}{section.2.1}% 22
\BOOKMARK [2][-]{subsection.2.1.2}{Este jedna - obrazky vedla seba}{section.2.1}% 23
\BOOKMARK [1][-]{section.2.2}{Ina podkapitola}{chapter.2}% 24
\BOOKMARK [2][-]{subsection.2.2.1}{A v nej subsekcia}{section.2.2}% 25
\BOOKMARK [0][-]{chapter.3}{N\341vrh - ako vlo\236it uk\341\236ku k\363du}{}% 26
\BOOKMARK [0][-]{chapter.4}{Z\341ver}{}% 27
